<?xml version="1.0" encoding="UTF-8"?>
<!-- Generated by org.testng.reporters.JUnitXMLReporter -->
<testsuite hostname="LAPTOP-PT93KTGA" ignored="0" name="Default test" tests="3" failures="0" timestamp="17 Jan 2021 05:50:08 GMT" time="57.079" errors="0">
  <testcase name="tc1" time="25.844" classname="org.executable.EntirelyPets"/>
  <testcase name="tc2" time="20.473" classname="org.executable.EntirelyPets"/>
  <testcase name="tc3" time="6.626" classname="org.executable.EntirelyPets"/>
</testsuite> <!-- Default test -->
