<?xml version="1.0" encoding="UTF-8"?>
<testng-results skipped="0" failed="0" ignored="0" total="3" passed="3">
  <reporter-output>
  </reporter-output>
  <suite name="Default suite" duration-ms="76420" started-at="2021-01-17T07:28:20Z" finished-at="2021-01-17T07:29:37Z">
    <groups>
    </groups>
    <test name="Default test" duration-ms="76420" started-at="2021-01-17T07:28:20Z" finished-at="2021-01-17T07:29:37Z">
      <class name="org.datadriven.EntirelyPets">
        <test-method status="PASS" signature="launchBrowser()[pri:0, instance:org.datadriven.EntirelyPets@1e88b3c]" name="launchBrowser" is-config="true" duration-ms="4113" started-at="2021-01-17T07:28:20Z" finished-at="2021-01-17T07:28:25Z">
          <reporter-output>
          </reporter-output>
        </test-method> <!-- launchBrowser -->
        <test-method status="PASS" signature="tc1()[pri:0, instance:org.datadriven.EntirelyPets@1e88b3c]" name="tc1" duration-ms="45972" started-at="2021-01-17T07:28:25Z" finished-at="2021-01-17T07:29:11Z">
          <reporter-output>
          </reporter-output>
        </test-method> <!-- tc1 -->
        <test-method status="PASS" signature="tc2()[pri:0, instance:org.datadriven.EntirelyPets@1e88b3c]" name="tc2" duration-ms="19531" started-at="2021-01-17T07:29:11Z" finished-at="2021-01-17T07:29:30Z">
          <reporter-output>
          </reporter-output>
        </test-method> <!-- tc2 -->
        <test-method status="PASS" signature="tc3()[pri:0, instance:org.datadriven.EntirelyPets@1e88b3c]" name="tc3" duration-ms="6772" started-at="2021-01-17T07:29:30Z" finished-at="2021-01-17T07:29:37Z">
          <reporter-output>
          </reporter-output>
        </test-method> <!-- tc3 -->
      </class> <!-- org.datadriven.EntirelyPets -->
    </test> <!-- Default test -->
  </suite> <!-- Default suite -->
</testng-results>
